<?xml version="1.0" encoding="UTF-8"?>
<!-- Generated by org.testng.reporters.JUnitReportReporter -->
<testsuite hostname="LAPTOP-8CN8SDF4" failures="0" tests="1" name="JIRA.CreateIncident" time="8.149" errors="0" timestamp="2023-09-10T14:53:39 IST" skipped="0">
  <testcase classname="JIRA.CreateIncident" name="create" time="8.149"/>
  <system-out/>
</testsuite> <!-- JIRA.CreateIncident -->
